[debug] [2024-05-28T20:31:42.047Z] ----------------------------------------------------------------------
[debug] [2024-05-28T20:31:42.050Z] Command:       C:\Program Files\nodejs\node.exe C:\Users\PROGRAMADOR C\AppData\Roaming\npm\node_modules\firebase-tools\lib\bin\firebase.js init
[debug] [2024-05-28T20:31:42.050Z] CLI Version:   13.8.0
[debug] [2024-05-28T20:31:42.051Z] Platform:      win32
[debug] [2024-05-28T20:31:42.051Z] Node Version:  v20.12.2
[debug] [2024-05-28T20:31:42.051Z] Time:          Tue May 28 2024 15:31:42 GMT-0500 (hora estándar de Colombia)
[debug] [2024-05-28T20:31:42.051Z] ----------------------------------------------------------------------
[debug] 
[debug] [2024-05-28T20:31:42.129Z] > command requires scopes: ["email","openid","https://www.googleapis.com/auth/cloudplatformprojects.readonly","https://www.googleapis.com/auth/firebase","https://www.googleapis.com/auth/cloud-platform"]
[debug] [2024-05-28T20:31:42.129Z] > authorizing via signed-in user (sergioivangalvisesteban@gmail.com)
[info] 
     ######## #### ########  ######## ########     ###     ######  ########
     ##        ##  ##     ## ##       ##     ##  ##   ##  ##       ##
     ######    ##  ########  ######   ########  #########  ######  ######
     ##        ##  ##    ##  ##       ##     ## ##     ##       ## ##
     ##       #### ##     ## ######## ########  ##     ##  ######  ########

You're about to initialize a Firebase project in this directory:

  C:\xampp\htdocs\EJERCICIOS_SERGIO\ANGULAR\store

Before we get started, keep in mind:

  * You are currently outside your home directory
  * You are initializing within an existing Firebase project directory

